D:\GITHUB\BOOSTSERVER\BOOSTSERVER\DEBUG\HEARTBEAT.OBJ
D:\GITHUB\BOOSTSERVER\BOOSTSERVER\DEBUG\LOGICSYSTEM.OBJ
D:\GITHUB\BOOSTSERVER\BOOSTSERVER\DEBUG\PLAYER.OBJ
D:\GITHUB\BOOSTSERVER\BOOSTSERVER\DEBUG\MAIN.OBJ
D:\GITHUB\BOOSTSERVER\BOOSTSERVER\DEBUG\SERVER.OBJ
D:\GITHUB\BOOSTSERVER\BOOSTSERVER\DEBUG\SESSION.OBJ
D:\GITHUB\BOOSTSERVER\BOOSTSERVER\DEBUG\STREAMNODE.OBJ
D:\GITHUB\BOOSTSERVER\BOOSTSERVER\DEBUG\VC110.PDB
D:\GITHUB\BOOSTSERVER\DEBUG\BOOSTSERVER.ILK
D:\GITHUB\BOOSTSERVER\DEBUG\BOOSTSERVER.EXE
D:\GITHUB\BOOSTSERVER\DEBUG\BOOSTSERVER.PDB
D:\github\boostserver\BoostServer\Debug\HeartBeat.obj
D:\github\boostserver\BoostServer\Debug\LogicSystem.obj
D:\github\boostserver\BoostServer\Debug\main.obj
D:\github\boostserver\BoostServer\Debug\Player.obj
D:\github\boostserver\BoostServer\Debug\Server.obj
D:\github\boostserver\BoostServer\Debug\Session.obj
D:\github\boostserver\BoostServer\Debug\StreamNode.obj
D:\github\boostserver\BoostServer\Debug\cl.command.1.tlog
D:\github\boostserver\BoostServer\Debug\CL.read.1.tlog
D:\github\boostserver\BoostServer\Debug\CL.write.1.tlog
D:\github\boostserver\BoostServer\Debug\link-cvtres.read.1.tlog
D:\github\boostserver\BoostServer\Debug\link-cvtres.write.1.tlog
D:\github\boostserver\BoostServer\Debug\link-rc.read.1.tlog
D:\github\boostserver\BoostServer\Debug\link-rc.write.1.tlog
D:\github\boostserver\BoostServer\Debug\link.command.1.tlog
D:\github\boostserver\BoostServer\Debug\link.read.1.tlog
D:\github\boostserver\BoostServer\Debug\link.write.1.tlog
D:\github\boostserver\BoostServer\Debug\vc110.idb
D:\github\boostserver\BoostServer\Debug\vc110.pdb
D:\github\boostserver\Debug\BoostServer.pdb
D:\github\boostserver\Debug\BoostServer.exe
D:\github\boostserver\Debug\BoostServer.ilk
