D:\GITHUB\BOOSTSERVER\CONSOLEAPPLICATION1\DEBUG\HEARTBEAT.OBJ
D:\GITHUB\BOOSTSERVER\CONSOLEAPPLICATION1\DEBUG\MAIN.OBJ
D:\GITHUB\BOOSTSERVER\CONSOLEAPPLICATION1\DEBUG\SERVER.OBJ
D:\GITHUB\BOOSTSERVER\CONSOLEAPPLICATION1\DEBUG\SESSION.OBJ
D:\GITHUB\BOOSTSERVER\CONSOLEAPPLICATION1\DEBUG\STREAMNODE.OBJ
D:\GITHUB\BOOSTSERVER\CONSOLEAPPLICATION1\DEBUG\VC110.PDB
D:\GITHUB\BOOSTSERVER\DEBUG\SERVER.ILK
D:\GITHUB\BOOSTSERVER\DEBUG\SERVER.EXE
D:\GITHUB\BOOSTSERVER\DEBUG\SERVER.PDB
D:\github\boostserver\ConsoleApplication1\Debug\HeartBeat.obj
D:\github\boostserver\ConsoleApplication1\Debug\main.obj
D:\github\boostserver\ConsoleApplication1\Debug\Server.obj
D:\github\boostserver\ConsoleApplication1\Debug\Session.obj
D:\github\boostserver\ConsoleApplication1\Debug\StreamNode.obj
D:\github\boostserver\ConsoleApplication1\Debug\cl.command.1.tlog
D:\github\boostserver\ConsoleApplication1\Debug\CL.read.1.tlog
D:\github\boostserver\ConsoleApplication1\Debug\CL.write.1.tlog
D:\github\boostserver\ConsoleApplication1\Debug\link-cvtres.read.1.tlog
D:\github\boostserver\ConsoleApplication1\Debug\link-cvtres.write.1.tlog
D:\github\boostserver\ConsoleApplication1\Debug\link-rc.read.1.tlog
D:\github\boostserver\ConsoleApplication1\Debug\link-rc.write.1.tlog
D:\github\boostserver\ConsoleApplication1\Debug\link.5136-cvtres.read.1.tlog
D:\github\boostserver\ConsoleApplication1\Debug\link.5136-cvtres.write.1.tlog
D:\github\boostserver\ConsoleApplication1\Debug\link.5136-rc.read.1.tlog
D:\github\boostserver\ConsoleApplication1\Debug\link.5136-rc.write.1.tlog
D:\github\boostserver\ConsoleApplication1\Debug\link.5136.read.1.tlog
D:\github\boostserver\ConsoleApplication1\Debug\link.5136.write.1.tlog
D:\github\boostserver\ConsoleApplication1\Debug\link.command.1.tlog
D:\github\boostserver\ConsoleApplication1\Debug\link.read.1.tlog
D:\github\boostserver\ConsoleApplication1\Debug\link.write.1.tlog
D:\github\boostserver\ConsoleApplication1\Debug\vc110.idb
D:\github\boostserver\ConsoleApplication1\Debug\vc110.pdb
D:\github\boostserver\Debug\server.pdb
D:\github\boostserver\Debug\server.exe
D:\github\boostserver\Debug\server.ilk
