D:\GITHUB\BOOSTSERVER\CONSOLEAPPLICATION1\DEBUG\CONSOLEAPPLICATION1.PCH
D:\GITHUB\BOOSTSERVER\CONSOLEAPPLICATION1\DEBUG\STDAFX.OBJ
D:\GITHUB\BOOSTSERVER\CONSOLEAPPLICATION1\DEBUG\VC110.PDB
D:\GITHUB\BOOSTSERVER\CONSOLEAPPLICATION1\DEBUG\CONSOLEAPPLICATION1.OBJ
D:\GITHUB\BOOSTSERVER\CONSOLEAPPLICATION1\DEBUG\SERVER.OBJ
D:\GITHUB\BOOSTSERVER\CONSOLEAPPLICATION1\DEBUG\SESSION.OBJ
D:\GITHUB\BOOSTSERVER\CONSOLEAPPLICATION1\DEBUG\STREAMNODE.OBJ
D:\GITHUB\BOOSTSERVER\DEBUG\CONSOLEAPPLICATION1.ILK
D:\GITHUB\BOOSTSERVER\DEBUG\CONSOLEAPPLICATION1.EXE
D:\GITHUB\BOOSTSERVER\DEBUG\CONSOLEAPPLICATION1.PDB
D:\github\boostserver\ConsoleApplication1\Debug\ConsoleApplication1.obj
D:\github\boostserver\ConsoleApplication1\Debug\Server.obj
D:\github\boostserver\ConsoleApplication1\Debug\Session.obj
D:\github\boostserver\ConsoleApplication1\Debug\stdafx.obj
D:\github\boostserver\ConsoleApplication1\Debug\StreamNode.obj
D:\github\boostserver\ConsoleApplication1\Debug\cl.command.1.tlog
D:\github\boostserver\ConsoleApplication1\Debug\CL.read.1.tlog
D:\github\boostserver\ConsoleApplication1\Debug\CL.write.1.tlog
D:\github\boostserver\ConsoleApplication1\Debug\link-cvtres.read.1.tlog
D:\github\boostserver\ConsoleApplication1\Debug\link-cvtres.write.1.tlog
D:\github\boostserver\ConsoleApplication1\Debug\link-rc.read.1.tlog
D:\github\boostserver\ConsoleApplication1\Debug\link-rc.write.1.tlog
D:\github\boostserver\ConsoleApplication1\Debug\link.2124-cvtres.read.1.tlog
D:\github\boostserver\ConsoleApplication1\Debug\link.2124-cvtres.write.1.tlog
D:\github\boostserver\ConsoleApplication1\Debug\link.2124-rc.read.1.tlog
D:\github\boostserver\ConsoleApplication1\Debug\link.2124-rc.write.1.tlog
D:\github\boostserver\ConsoleApplication1\Debug\link.2124.read.1.tlog
D:\github\boostserver\ConsoleApplication1\Debug\link.2124.write.1.tlog
D:\github\boostserver\ConsoleApplication1\Debug\link.2288-cvtres.read.1.tlog
D:\github\boostserver\ConsoleApplication1\Debug\link.2288-cvtres.write.1.tlog
D:\github\boostserver\ConsoleApplication1\Debug\link.2288-rc.read.1.tlog
D:\github\boostserver\ConsoleApplication1\Debug\link.2288-rc.write.1.tlog
D:\github\boostserver\ConsoleApplication1\Debug\link.2288.read.1.tlog
D:\github\boostserver\ConsoleApplication1\Debug\link.2288.write.1.tlog
D:\github\boostserver\ConsoleApplication1\Debug\link.6088-cvtres.read.1.tlog
D:\github\boostserver\ConsoleApplication1\Debug\link.6088-cvtres.write.1.tlog
D:\github\boostserver\ConsoleApplication1\Debug\link.6088-rc.read.1.tlog
D:\github\boostserver\ConsoleApplication1\Debug\link.6088-rc.write.1.tlog
D:\github\boostserver\ConsoleApplication1\Debug\link.6088.read.1.tlog
D:\github\boostserver\ConsoleApplication1\Debug\link.6088.write.1.tlog
D:\github\boostserver\ConsoleApplication1\Debug\link.6516-cvtres.read.1.tlog
D:\github\boostserver\ConsoleApplication1\Debug\link.6516-cvtres.write.1.tlog
D:\github\boostserver\ConsoleApplication1\Debug\link.6516-rc.read.1.tlog
D:\github\boostserver\ConsoleApplication1\Debug\link.6516-rc.write.1.tlog
D:\github\boostserver\ConsoleApplication1\Debug\link.6516.read.1.tlog
D:\github\boostserver\ConsoleApplication1\Debug\link.6516.write.1.tlog
D:\github\boostserver\ConsoleApplication1\Debug\link.7020-cvtres.read.1.tlog
D:\github\boostserver\ConsoleApplication1\Debug\link.7020-cvtres.write.1.tlog
D:\github\boostserver\ConsoleApplication1\Debug\link.7020-rc.read.1.tlog
D:\github\boostserver\ConsoleApplication1\Debug\link.7020-rc.write.1.tlog
D:\github\boostserver\ConsoleApplication1\Debug\link.7020.read.1.tlog
D:\github\boostserver\ConsoleApplication1\Debug\link.7020.write.1.tlog
D:\github\boostserver\ConsoleApplication1\Debug\link.7048-cvtres.read.1.tlog
D:\github\boostserver\ConsoleApplication1\Debug\link.7048-cvtres.write.1.tlog
D:\github\boostserver\ConsoleApplication1\Debug\link.7048-rc.read.1.tlog
D:\github\boostserver\ConsoleApplication1\Debug\link.7048-rc.write.1.tlog
D:\github\boostserver\ConsoleApplication1\Debug\link.7048.read.1.tlog
D:\github\boostserver\ConsoleApplication1\Debug\link.7048.write.1.tlog
D:\github\boostserver\ConsoleApplication1\Debug\link.8244-cvtres.read.1.tlog
D:\github\boostserver\ConsoleApplication1\Debug\link.8244-cvtres.write.1.tlog
D:\github\boostserver\ConsoleApplication1\Debug\link.8244-rc.read.1.tlog
D:\github\boostserver\ConsoleApplication1\Debug\link.8244-rc.write.1.tlog
D:\github\boostserver\ConsoleApplication1\Debug\link.8244.read.1.tlog
D:\github\boostserver\ConsoleApplication1\Debug\link.8244.write.1.tlog
D:\github\boostserver\ConsoleApplication1\Debug\link.8356-cvtres.read.1.tlog
D:\github\boostserver\ConsoleApplication1\Debug\link.8356-cvtres.write.1.tlog
D:\github\boostserver\ConsoleApplication1\Debug\link.8356-rc.read.1.tlog
D:\github\boostserver\ConsoleApplication1\Debug\link.8356-rc.write.1.tlog
D:\github\boostserver\ConsoleApplication1\Debug\link.8356.read.1.tlog
D:\github\boostserver\ConsoleApplication1\Debug\link.8356.write.1.tlog
D:\github\boostserver\ConsoleApplication1\Debug\link.command.1.tlog
D:\github\boostserver\ConsoleApplication1\Debug\link.read.1.tlog
D:\github\boostserver\ConsoleApplication1\Debug\link.write.1.tlog
D:\github\boostserver\ConsoleApplication1\Debug\ConsoleApplication1.pch
D:\github\boostserver\ConsoleApplication1\Debug\vc110.idb
D:\github\boostserver\ConsoleApplication1\Debug\vc110.pdb
D:\github\boostserver\Debug\ConsoleApplication1.pdb
D:\github\boostserver\Debug\ConsoleApplication1.exe
D:\github\boostserver\Debug\ConsoleApplication1.ilk
